D:\VLAD\Доки (мисис)\DIPLOMA AND STUFF\Описание системы принятия решений\SOFTWARE\2-ND ATTEMPT\MYDOCSYSTEM\MYDOCSYSTEM\DEBUG\CREDIT_OWN.OBJ
D:\VLAD\Доки (мисис)\DIPLOMA AND STUFF\Описание системы принятия решений\SOFTWARE\2-ND ATTEMPT\MYDOCSYSTEM\MYDOCSYSTEM\DEBUG\MFMC.OBJ
D:\VLAD\Доки (мисис)\DIPLOMA AND STUFF\Описание системы принятия решений\SOFTWARE\2-ND ATTEMPT\MYDOCSYSTEM\MYDOCSYSTEM\DEBUG\FRM_CONSOLE.OBJ
D:\VLAD\Доки (мисис)\DIPLOMA AND STUFF\Описание системы принятия решений\SOFTWARE\2-ND ATTEMPT\MYDOCSYSTEM\MYDOCSYSTEM\DEBUG\FRM_SELECTSHEET.OBJ
D:\VLAD\Доки (мисис)\DIPLOMA AND STUFF\Описание системы принятия решений\SOFTWARE\2-ND ATTEMPT\MYDOCSYSTEM\MYDOCSYSTEM\DEBUG\EXCELFORMAT.OBJ
D:\VLAD\Доки (мисис)\DIPLOMA AND STUFF\Описание системы принятия решений\SOFTWARE\2-ND ATTEMPT\MYDOCSYSTEM\MYDOCSYSTEM\DEBUG\BALAS.OBJ
D:\VLAD\Доки (мисис)\DIPLOMA AND STUFF\Описание системы принятия решений\SOFTWARE\2-ND ATTEMPT\MYDOCSYSTEM\MYDOCSYSTEM\DEBUG\INPUT_DATA.OBJ
D:\VLAD\Доки (мисис)\DIPLOMA AND STUFF\Описание системы принятия решений\SOFTWARE\2-ND ATTEMPT\MYDOCSYSTEM\MYDOCSYSTEM\DEBUG\BASICEXCEL.OBJ
D:\VLAD\Доки (мисис)\DIPLOMA AND STUFF\Описание системы принятия решений\SOFTWARE\2-ND ATTEMPT\MYDOCSYSTEM\MYDOCSYSTEM\DEBUG\ASSEMBLYINFO.OBJ
D:\VLAD\ДОКИ (МИСИС)\DIPLOMA AND STUFF\ОПИСАНИЕ СИСТЕМЫ ПРИНЯТИЯ РЕШЕНИЙ\SOFTWARE\2-ND ATTEMPT\MYDOCSYSTEM\MYDOCSYSTEM\DEBUG\ASSEMBLYINFO.OBJ
D:\VLAD\ДОКИ (МИСИС)\DIPLOMA AND STUFF\ОПИСАНИЕ СИСТЕМЫ ПРИНЯТИЯ РЕШЕНИЙ\SOFTWARE\2-ND ATTEMPT\MYDOCSYSTEM\MYDOCSYSTEM\DEBUG\BALAS.OBJ
D:\VLAD\ДОКИ (МИСИС)\DIPLOMA AND STUFF\ОПИСАНИЕ СИСТЕМЫ ПРИНЯТИЯ РЕШЕНИЙ\SOFTWARE\2-ND ATTEMPT\MYDOCSYSTEM\MYDOCSYSTEM\DEBUG\BASICEXCEL.OBJ
D:\VLAD\ДОКИ (МИСИС)\DIPLOMA AND STUFF\ОПИСАНИЕ СИСТЕМЫ ПРИНЯТИЯ РЕШЕНИЙ\SOFTWARE\2-ND ATTEMPT\MYDOCSYSTEM\MYDOCSYSTEM\DEBUG\EXCELFORMAT.OBJ
D:\VLAD\ДОКИ (МИСИС)\DIPLOMA AND STUFF\ОПИСАНИЕ СИСТЕМЫ ПРИНЯТИЯ РЕШЕНИЙ\SOFTWARE\2-ND ATTEMPT\MYDOCSYSTEM\MYDOCSYSTEM\DEBUG\FRM_CONSOLE.OBJ
D:\VLAD\Доки (мисис)\DIPLOMA AND STUFF\Описание системы принятия решений\SOFTWARE\2-ND ATTEMPT\MYDOCSYSTEM\MYDOCSYSTEM\DEBUG\.NETFRAMEWORK,VERSION=V4.5.ASSEMBLYATTRIBUTES.OBJ
D:\VLAD\ДОКИ (МИСИС)\DIPLOMA AND STUFF\ОПИСАНИЕ СИСТЕМЫ ПРИНЯТИЯ РЕШЕНИЙ\SOFTWARE\2-ND ATTEMPT\MYDOCSYSTEM\MYDOCSYSTEM\DEBUG\VC110.PDB
D:\VLAD\Доки (мисис)\DIPLOMA AND STUFF\Описание системы принятия решений\SOFTWARE\2-ND ATTEMPT\MYDOCSYSTEM\MYDOCSYSTEM\DEBUG\OUTPUT_DATA.OBJ
D:\VLAD\Доки (мисис)\DIPLOMA AND STUFF\Описание системы принятия решений\SOFTWARE\2-ND ATTEMPT\MYDOCSYSTEM\MYDOCSYSTEM\DEBUG\CORE.OBJ
D:\VLAD\Доки (мисис)\DIPLOMA AND STUFF\Описание системы принятия решений\SOFTWARE\2-ND ATTEMPT\MYDOCSYSTEM\MYDOCSYSTEM\DEBUG\FRM_MAIN.OBJ
D:\VLAD\Доки (мисис)\DIPLOMA AND STUFF\Описание системы принятия решений\SOFTWARE\2-ND ATTEMPT\MYDOCSYSTEM\MYDOCSYSTEM\DEBUG\MYDOCSYSTEM.OBJ
D:\VLAD\Доки (мисис)\DIPLOMA AND STUFF\Описание системы принятия решений\SOFTWARE\2-ND ATTEMPT\MYDOCSYSTEM\MYDOCSYSTEM\DEBUG\FORMS_INSTANCES.OBJ
D:\VLAD\Доки (мисис)\DIPLOMA AND STUFF\Описание системы принятия решений\SOFTWARE\2-ND ATTEMPT\MYDOCSYSTEM\DEBUG\MYDOCSYSTEM.ILK
D:\VLAD\Доки (мисис)\DIPLOMA AND STUFF\Описание системы принятия решений\SOFTWARE\2-ND ATTEMPT\MYDOCSYSTEM\DEBUG\MYDOCSYSTEM.EXE
D:\VLAD\ДОКИ (МИСИС)\DIPLOMA AND STUFF\ОПИСАНИЕ СИСТЕМЫ ПРИНЯТИЯ РЕШЕНИЙ\SOFTWARE\2-ND ATTEMPT\MYDOCSYSTEM\DEBUG\MYDOCSYSTEM.PDB
d:\Vlad\Доки (мисис)\Diploma and stuff\Описание системы принятия решений\Software\2-nd attempt\MyDocSystem\MyDocSystem\Debug\MyDocSystem.frm_Console.resources
d:\Vlad\Доки (мисис)\Diploma and stuff\Описание системы принятия решений\Software\2-nd attempt\MyDocSystem\MyDocSystem\Debug\MyDocSystem.frm_Main.resources
d:\Vlad\Доки (мисис)\Diploma and stuff\Описание системы принятия решений\Software\2-nd attempt\MyDocSystem\MyDocSystem\Debug\MyDocSystem.frm_SelectSheet.resources
D:\VLAD\Доки (мисис)\DIPLOMA AND STUFF\Описание системы принятия решений\SOFTWARE\2-ND ATTEMPT\MYDOCSYSTEM\MYDOCSYSTEM\DEBUG\APP.RES
d:\Vlad\Доки (мисис)\Diploma and stuff\Описание системы принятия решений\Software\2-nd attempt\MyDocSystem\MyDocSystem\Debug\MyDocSystem.vcxproj.GenerateResource.Cache
d:\Vlad\Доки (мисис)\Diploma and stuff\Описание системы принятия решений\Software\2-nd attempt\MyDocSystem\MyDocSystem\Debug\MyDocSystem.vcxprojResolveAssemblyReference.cache
d:\Vlad\Доки (мисис)\Diploma and stuff\Описание системы принятия решений\Software\2-nd attempt\MyDocSystem\MyDocSystem\Debug\.NETFramework,Version=v4.5.AssemblyAttributes.obj
d:\Vlad\Доки (мисис)\Diploma and stuff\Описание системы принятия решений\Software\2-nd attempt\MyDocSystem\MyDocSystem\Debug\AssemblyInfo.obj
d:\Vlad\Доки (мисис)\Diploma and stuff\Описание системы принятия решений\Software\2-nd attempt\MyDocSystem\MyDocSystem\Debug\Balas.obj
d:\Vlad\Доки (мисис)\Diploma and stuff\Описание системы принятия решений\Software\2-nd attempt\MyDocSystem\MyDocSystem\Debug\BasicExcel.obj
d:\Vlad\Доки (мисис)\Diploma and stuff\Описание системы принятия решений\Software\2-nd attempt\MyDocSystem\MyDocSystem\Debug\Core.obj
d:\Vlad\Доки (мисис)\Diploma and stuff\Описание системы принятия решений\Software\2-nd attempt\MyDocSystem\MyDocSystem\Debug\Credit_Own.obj
d:\Vlad\Доки (мисис)\Diploma and stuff\Описание системы принятия решений\Software\2-nd attempt\MyDocSystem\MyDocSystem\Debug\ExcelFormat.obj
d:\Vlad\Доки (мисис)\Diploma and stuff\Описание системы принятия решений\Software\2-nd attempt\MyDocSystem\MyDocSystem\Debug\Forms_Instances.obj
d:\Vlad\Доки (мисис)\Diploma and stuff\Описание системы принятия решений\Software\2-nd attempt\MyDocSystem\MyDocSystem\Debug\frm_Console.obj
d:\Vlad\Доки (мисис)\Diploma and stuff\Описание системы принятия решений\Software\2-nd attempt\MyDocSystem\MyDocSystem\Debug\frm_Main.obj
d:\Vlad\Доки (мисис)\Diploma and stuff\Описание системы принятия решений\Software\2-nd attempt\MyDocSystem\MyDocSystem\Debug\frm_SelectSheet.obj
d:\Vlad\Доки (мисис)\Diploma and stuff\Описание системы принятия решений\Software\2-nd attempt\MyDocSystem\MyDocSystem\Debug\Input_Data.obj
d:\Vlad\Доки (мисис)\Diploma and stuff\Описание системы принятия решений\Software\2-nd attempt\MyDocSystem\MyDocSystem\Debug\mfmc.obj
d:\Vlad\Доки (мисис)\Diploma and stuff\Описание системы принятия решений\Software\2-nd attempt\MyDocSystem\MyDocSystem\Debug\MyDocSystem.obj
d:\Vlad\Доки (мисис)\Diploma and stuff\Описание системы принятия решений\Software\2-nd attempt\MyDocSystem\MyDocSystem\Debug\Output_Data.obj
d:\Vlad\Доки (мисис)\Diploma and stuff\Описание системы принятия решений\Software\2-nd attempt\MyDocSystem\MyDocSystem\Debug\CL.10904.read.1.tlog
d:\Vlad\Доки (мисис)\Diploma and stuff\Описание системы принятия решений\Software\2-nd attempt\MyDocSystem\MyDocSystem\Debug\CL.10904.write.1.tlog
d:\Vlad\Доки (мисис)\Diploma and stuff\Описание системы принятия решений\Software\2-nd attempt\MyDocSystem\MyDocSystem\Debug\CL.13600.read.1.tlog
d:\Vlad\Доки (мисис)\Diploma and stuff\Описание системы принятия решений\Software\2-nd attempt\MyDocSystem\MyDocSystem\Debug\CL.13600.write.1.tlog
d:\Vlad\Доки (мисис)\Diploma and stuff\Описание системы принятия решений\Software\2-nd attempt\MyDocSystem\MyDocSystem\Debug\CL.24476.read.1.tlog
d:\Vlad\Доки (мисис)\Diploma and stuff\Описание системы принятия решений\Software\2-nd attempt\MyDocSystem\MyDocSystem\Debug\CL.24476.write.1.tlog
d:\Vlad\Доки (мисис)\Diploma and stuff\Описание системы принятия решений\Software\2-nd attempt\MyDocSystem\MyDocSystem\Debug\CL.26888.read.1.tlog
d:\Vlad\Доки (мисис)\Diploma and stuff\Описание системы принятия решений\Software\2-nd attempt\MyDocSystem\MyDocSystem\Debug\CL.26888.write.1.tlog
d:\Vlad\Доки (мисис)\Diploma and stuff\Описание системы принятия решений\Software\2-nd attempt\MyDocSystem\MyDocSystem\Debug\CL.27664.read.1.tlog
d:\Vlad\Доки (мисис)\Diploma and stuff\Описание системы принятия решений\Software\2-nd attempt\MyDocSystem\MyDocSystem\Debug\CL.27664.write.1.tlog
d:\Vlad\Доки (мисис)\Diploma and stuff\Описание системы принятия решений\Software\2-nd attempt\MyDocSystem\MyDocSystem\Debug\CL.29568.read.1.tlog
d:\Vlad\Доки (мисис)\Diploma and stuff\Описание системы принятия решений\Software\2-nd attempt\MyDocSystem\MyDocSystem\Debug\CL.29568.write.1.tlog
d:\Vlad\Доки (мисис)\Diploma and stuff\Описание системы принятия решений\Software\2-nd attempt\MyDocSystem\MyDocSystem\Debug\CL.29624.read.1.tlog
d:\Vlad\Доки (мисис)\Diploma and stuff\Описание системы принятия решений\Software\2-nd attempt\MyDocSystem\MyDocSystem\Debug\CL.29624.write.1.tlog
d:\Vlad\Доки (мисис)\Diploma and stuff\Описание системы принятия решений\Software\2-nd attempt\MyDocSystem\MyDocSystem\Debug\CL.30836.read.1.tlog
d:\Vlad\Доки (мисис)\Diploma and stuff\Описание системы принятия решений\Software\2-nd attempt\MyDocSystem\MyDocSystem\Debug\CL.30836.write.1.tlog
d:\Vlad\Доки (мисис)\Diploma and stuff\Описание системы принятия решений\Software\2-nd attempt\MyDocSystem\MyDocSystem\Debug\CL.31016.read.1.tlog
d:\Vlad\Доки (мисис)\Diploma and stuff\Описание системы принятия решений\Software\2-nd attempt\MyDocSystem\MyDocSystem\Debug\CL.31016.write.1.tlog
d:\Vlad\Доки (мисис)\Diploma and stuff\Описание системы принятия решений\Software\2-nd attempt\MyDocSystem\MyDocSystem\Debug\CL.31312.read.1.tlog
d:\Vlad\Доки (мисис)\Diploma and stuff\Описание системы принятия решений\Software\2-nd attempt\MyDocSystem\MyDocSystem\Debug\CL.31312.write.1.tlog
d:\Vlad\Доки (мисис)\Diploma and stuff\Описание системы принятия решений\Software\2-nd attempt\MyDocSystem\MyDocSystem\Debug\CL.31608.read.1.tlog
d:\Vlad\Доки (мисис)\Diploma and stuff\Описание системы принятия решений\Software\2-nd attempt\MyDocSystem\MyDocSystem\Debug\CL.31608.write.1.tlog
d:\Vlad\Доки (мисис)\Diploma and stuff\Описание системы принятия решений\Software\2-nd attempt\MyDocSystem\MyDocSystem\Debug\CL.31644.read.1.tlog
d:\Vlad\Доки (мисис)\Diploma and stuff\Описание системы принятия решений\Software\2-nd attempt\MyDocSystem\MyDocSystem\Debug\CL.31644.write.1.tlog
d:\Vlad\Доки (мисис)\Diploma and stuff\Описание системы принятия решений\Software\2-nd attempt\MyDocSystem\MyDocSystem\Debug\CL.32888.read.1.tlog
d:\Vlad\Доки (мисис)\Diploma and stuff\Описание системы принятия решений\Software\2-nd attempt\MyDocSystem\MyDocSystem\Debug\CL.32888.write.1.tlog
d:\Vlad\Доки (мисис)\Diploma and stuff\Описание системы принятия решений\Software\2-nd attempt\MyDocSystem\MyDocSystem\Debug\CL.33592.read.1.tlog
d:\Vlad\Доки (мисис)\Diploma and stuff\Описание системы принятия решений\Software\2-nd attempt\MyDocSystem\MyDocSystem\Debug\CL.33592.write.1.tlog
d:\Vlad\Доки (мисис)\Diploma and stuff\Описание системы принятия решений\Software\2-nd attempt\MyDocSystem\MyDocSystem\Debug\CL.33712.read.1.tlog
d:\Vlad\Доки (мисис)\Diploma and stuff\Описание системы принятия решений\Software\2-nd attempt\MyDocSystem\MyDocSystem\Debug\CL.33712.write.1.tlog
d:\Vlad\Доки (мисис)\Diploma and stuff\Описание системы принятия решений\Software\2-nd attempt\MyDocSystem\MyDocSystem\Debug\CL.33748.read.1.tlog
d:\Vlad\Доки (мисис)\Diploma and stuff\Описание системы принятия решений\Software\2-nd attempt\MyDocSystem\MyDocSystem\Debug\CL.33748.write.1.tlog
d:\Vlad\Доки (мисис)\Diploma and stuff\Описание системы принятия решений\Software\2-nd attempt\MyDocSystem\MyDocSystem\Debug\CL.33992.read.1.tlog
d:\Vlad\Доки (мисис)\Diploma and stuff\Описание системы принятия решений\Software\2-nd attempt\MyDocSystem\MyDocSystem\Debug\CL.33992.write.1.tlog
d:\Vlad\Доки (мисис)\Diploma and stuff\Описание системы принятия решений\Software\2-nd attempt\MyDocSystem\MyDocSystem\Debug\CL.34156.read.1.tlog
d:\Vlad\Доки (мисис)\Diploma and stuff\Описание системы принятия решений\Software\2-nd attempt\MyDocSystem\MyDocSystem\Debug\CL.34156.write.1.tlog
d:\Vlad\Доки (мисис)\Diploma and stuff\Описание системы принятия решений\Software\2-nd attempt\MyDocSystem\MyDocSystem\Debug\CL.34188.read.1.tlog
d:\Vlad\Доки (мисис)\Diploma and stuff\Описание системы принятия решений\Software\2-nd attempt\MyDocSystem\MyDocSystem\Debug\CL.34188.write.1.tlog
d:\Vlad\Доки (мисис)\Diploma and stuff\Описание системы принятия решений\Software\2-nd attempt\MyDocSystem\MyDocSystem\Debug\CL.34232.read.1.tlog
d:\Vlad\Доки (мисис)\Diploma and stuff\Описание системы принятия решений\Software\2-nd attempt\MyDocSystem\MyDocSystem\Debug\CL.34232.write.1.tlog
d:\Vlad\Доки (мисис)\Diploma and stuff\Описание системы принятия решений\Software\2-nd attempt\MyDocSystem\MyDocSystem\Debug\CL.34420.read.1.tlog
d:\Vlad\Доки (мисис)\Diploma and stuff\Описание системы принятия решений\Software\2-nd attempt\MyDocSystem\MyDocSystem\Debug\CL.34420.write.1.tlog
d:\Vlad\Доки (мисис)\Diploma and stuff\Описание системы принятия решений\Software\2-nd attempt\MyDocSystem\MyDocSystem\Debug\CL.34460.read.1.tlog
d:\Vlad\Доки (мисис)\Diploma and stuff\Описание системы принятия решений\Software\2-nd attempt\MyDocSystem\MyDocSystem\Debug\CL.34460.write.1.tlog
d:\Vlad\Доки (мисис)\Diploma and stuff\Описание системы принятия решений\Software\2-nd attempt\MyDocSystem\MyDocSystem\Debug\CL.34792.read.1.tlog
d:\Vlad\Доки (мисис)\Diploma and stuff\Описание системы принятия решений\Software\2-nd attempt\MyDocSystem\MyDocSystem\Debug\CL.34792.write.1.tlog
d:\Vlad\Доки (мисис)\Diploma and stuff\Описание системы принятия решений\Software\2-nd attempt\MyDocSystem\MyDocSystem\Debug\CL.9012.read.1.tlog
d:\Vlad\Доки (мисис)\Diploma and stuff\Описание системы принятия решений\Software\2-nd attempt\MyDocSystem\MyDocSystem\Debug\CL.9012.write.1.tlog
d:\Vlad\Доки (мисис)\Diploma and stuff\Описание системы принятия решений\Software\2-nd attempt\MyDocSystem\MyDocSystem\Debug\CL.9428.read.1.tlog
d:\Vlad\Доки (мисис)\Diploma and stuff\Описание системы принятия решений\Software\2-nd attempt\MyDocSystem\MyDocSystem\Debug\CL.9428.write.1.tlog
d:\Vlad\Доки (мисис)\Diploma and stuff\Описание системы принятия решений\Software\2-nd attempt\MyDocSystem\MyDocSystem\Debug\cl.command.1.tlog
d:\Vlad\Доки (мисис)\Diploma and stuff\Описание системы принятия решений\Software\2-nd attempt\MyDocSystem\MyDocSystem\Debug\CL.read.1.tlog
d:\Vlad\Доки (мисис)\Diploma and stuff\Описание системы принятия решений\Software\2-nd attempt\MyDocSystem\MyDocSystem\Debug\CL.write.1.tlog
d:\Vlad\Доки (мисис)\Diploma and stuff\Описание системы принятия решений\Software\2-nd attempt\MyDocSystem\MyDocSystem\Debug\link.31076.read.1.tlog
d:\Vlad\Доки (мисис)\Diploma and stuff\Описание системы принятия решений\Software\2-nd attempt\MyDocSystem\MyDocSystem\Debug\link.31076.write.1.tlog
d:\Vlad\Доки (мисис)\Diploma and stuff\Описание системы принятия решений\Software\2-nd attempt\MyDocSystem\MyDocSystem\Debug\link.32676-cvtres.read.1.tlog
d:\Vlad\Доки (мисис)\Diploma and stuff\Описание системы принятия решений\Software\2-nd attempt\MyDocSystem\MyDocSystem\Debug\link.32676-cvtres.write.1.tlog
d:\Vlad\Доки (мисис)\Diploma and stuff\Описание системы принятия решений\Software\2-nd attempt\MyDocSystem\MyDocSystem\Debug\link.32676-rc.read.1.tlog
d:\Vlad\Доки (мисис)\Diploma and stuff\Описание системы принятия решений\Software\2-nd attempt\MyDocSystem\MyDocSystem\Debug\link.32676-rc.write.1.tlog
d:\Vlad\Доки (мисис)\Diploma and stuff\Описание системы принятия решений\Software\2-nd attempt\MyDocSystem\MyDocSystem\Debug\link.32676.read.1.tlog
d:\Vlad\Доки (мисис)\Diploma and stuff\Описание системы принятия решений\Software\2-nd attempt\MyDocSystem\MyDocSystem\Debug\link.32676.write.1.tlog
d:\Vlad\Доки (мисис)\Diploma and stuff\Описание системы принятия решений\Software\2-nd attempt\MyDocSystem\MyDocSystem\Debug\link.33640-cvtres.read.1.tlog
d:\Vlad\Доки (мисис)\Diploma and stuff\Описание системы принятия решений\Software\2-nd attempt\MyDocSystem\MyDocSystem\Debug\link.33640-cvtres.write.1.tlog
d:\Vlad\Доки (мисис)\Diploma and stuff\Описание системы принятия решений\Software\2-nd attempt\MyDocSystem\MyDocSystem\Debug\link.33640-rc.read.1.tlog
d:\Vlad\Доки (мисис)\Diploma and stuff\Описание системы принятия решений\Software\2-nd attempt\MyDocSystem\MyDocSystem\Debug\link.33640-rc.write.1.tlog
d:\Vlad\Доки (мисис)\Diploma and stuff\Описание системы принятия решений\Software\2-nd attempt\MyDocSystem\MyDocSystem\Debug\link.33640.read.1.tlog
d:\Vlad\Доки (мисис)\Diploma and stuff\Описание системы принятия решений\Software\2-nd attempt\MyDocSystem\MyDocSystem\Debug\link.33640.write.1.tlog
d:\Vlad\Доки (мисис)\Diploma and stuff\Описание системы принятия решений\Software\2-nd attempt\MyDocSystem\MyDocSystem\Debug\link.command.1.tlog
d:\Vlad\Доки (мисис)\Diploma and stuff\Описание системы принятия решений\Software\2-nd attempt\MyDocSystem\MyDocSystem\Debug\link.read.1.tlog
d:\Vlad\Доки (мисис)\Diploma and stuff\Описание системы принятия решений\Software\2-nd attempt\MyDocSystem\MyDocSystem\Debug\link.write.1.tlog
d:\Vlad\Доки (мисис)\Diploma and stuff\Описание системы принятия решений\Software\2-nd attempt\MyDocSystem\MyDocSystem\Debug\metagen.read.1.tlog
d:\Vlad\Доки (мисис)\Diploma and stuff\Описание системы принятия решений\Software\2-nd attempt\MyDocSystem\MyDocSystem\Debug\metagen.write.1.tlog
d:\Vlad\Доки (мисис)\Diploma and stuff\Описание системы принятия решений\Software\2-nd attempt\MyDocSystem\MyDocSystem\Debug\MyDocSystem.write.1.tlog
d:\Vlad\Доки (мисис)\Diploma and stuff\Описание системы принятия решений\Software\2-nd attempt\MyDocSystem\MyDocSystem\Debug\rc.command.1.tlog
d:\Vlad\Доки (мисис)\Diploma and stuff\Описание системы принятия решений\Software\2-nd attempt\MyDocSystem\MyDocSystem\Debug\rc.read.1.tlog
d:\Vlad\Доки (мисис)\Diploma and stuff\Описание системы принятия решений\Software\2-nd attempt\MyDocSystem\MyDocSystem\Debug\rc.write.1.tlog
d:\Vlad\Доки (мисис)\Diploma and stuff\Описание системы принятия решений\Software\2-nd attempt\MyDocSystem\MyDocSystem\Debug\app.res
d:\Vlad\Доки (мисис)\Diploma and stuff\Описание системы принятия решений\Software\2-nd attempt\MyDocSystem\MyDocSystem\Debug\vc110.pdb
d:\Vlad\Доки (мисис)\Diploma and stuff\Описание системы принятия решений\Software\2-nd attempt\MyDocSystem\MyDocSystem\Debug\RSAENH.DLL.bi
d:\Vlad\Доки (мисис)\Diploma and stuff\Описание системы принятия решений\Software\2-nd attempt\MyDocSystem\MyDocSystem\Debug\TZRES.DLL.bi
D:\Vlad\Доки (мисис)\Diploma and stuff\Описание системы принятия решений\Software\2-nd attempt\MyDocSystem\Debug\MyDocSystem.pdb
D:\Vlad\Доки (мисис)\Diploma and stuff\Описание системы принятия решений\Software\2-nd attempt\MyDocSystem\Debug\MyDocSystem.ilk
