D:\VLAD\Доки (мисис)\DIPLOMA AND STUFF\Описание системы принятия решений\SOFTWARE\2-ND ATTEMPT\MYDOCSYSTEM\MYDOCSYSTEM\RELEASE\BALAS.OBJ
D:\VLAD\Доки (мисис)\DIPLOMA AND STUFF\Описание системы принятия решений\SOFTWARE\2-ND ATTEMPT\MYDOCSYSTEM\MYDOCSYSTEM\RELEASE\INPUT_DATA.OBJ
D:\VLAD\Доки (мисис)\DIPLOMA AND STUFF\Описание системы принятия решений\SOFTWARE\2-ND ATTEMPT\MYDOCSYSTEM\MYDOCSYSTEM\RELEASE\ASSEMBLYINFO.OBJ
D:\VLAD\Доки (мисис)\DIPLOMA AND STUFF\Описание системы принятия решений\SOFTWARE\2-ND ATTEMPT\MYDOCSYSTEM\MYDOCSYSTEM\RELEASE\FRM_SELECTSHEET.OBJ
D:\VLAD\Доки (мисис)\DIPLOMA AND STUFF\Описание системы принятия решений\SOFTWARE\2-ND ATTEMPT\MYDOCSYSTEM\MYDOCSYSTEM\RELEASE\EXCELFORMAT.OBJ
D:\VLAD\Доки (мисис)\DIPLOMA AND STUFF\Описание системы принятия решений\SOFTWARE\2-ND ATTEMPT\MYDOCSYSTEM\MYDOCSYSTEM\RELEASE\BASICEXCEL.OBJ
D:\VLAD\Доки (мисис)\DIPLOMA AND STUFF\Описание системы принятия решений\SOFTWARE\2-ND ATTEMPT\MYDOCSYSTEM\MYDOCSYSTEM\RELEASE\CORE.OBJ
D:\VLAD\Доки (мисис)\DIPLOMA AND STUFF\Описание системы принятия решений\SOFTWARE\2-ND ATTEMPT\MYDOCSYSTEM\MYDOCSYSTEM\RELEASE\FORMS_INSTANCES.OBJ
D:\VLAD\Доки (мисис)\DIPLOMA AND STUFF\Описание системы принятия решений\SOFTWARE\2-ND ATTEMPT\MYDOCSYSTEM\MYDOCSYSTEM\RELEASE\OUTPUT_DATA.OBJ
D:\VLAD\Доки (мисис)\DIPLOMA AND STUFF\Описание системы принятия решений\SOFTWARE\2-ND ATTEMPT\MYDOCSYSTEM\MYDOCSYSTEM\RELEASE\CREDIT_OWN.OBJ
D:\VLAD\Доки (мисис)\DIPLOMA AND STUFF\Описание системы принятия решений\SOFTWARE\2-ND ATTEMPT\MYDOCSYSTEM\MYDOCSYSTEM\RELEASE\MFMC.OBJ
D:\VLAD\Доки (мисис)\DIPLOMA AND STUFF\Описание системы принятия решений\SOFTWARE\2-ND ATTEMPT\MYDOCSYSTEM\MYDOCSYSTEM\RELEASE\FRM_MAIN.OBJ
D:\VLAD\Доки (мисис)\DIPLOMA AND STUFF\Описание системы принятия решений\SOFTWARE\2-ND ATTEMPT\MYDOCSYSTEM\MYDOCSYSTEM\RELEASE\MYDOCSYSTEM.OBJ
D:\VLAD\ДОКИ (МИСИС)\DIPLOMA AND STUFF\ОПИСАНИЕ СИСТЕМЫ ПРИНЯТИЯ РЕШЕНИЙ\SOFTWARE\2-ND ATTEMPT\MYDOCSYSTEM\MYDOCSYSTEM\RELEASE\VC110.PDB
D:\VLAD\Доки (мисис)\DIPLOMA AND STUFF\Описание системы принятия решений\SOFTWARE\2-ND ATTEMPT\MYDOCSYSTEM\MYDOCSYSTEM\RELEASE\.NETFRAMEWORK,VERSION=V4.5.ASSEMBLYATTRIBUTES.OBJ
D:\VLAD\Доки (мисис)\DIPLOMA AND STUFF\Описание системы принятия решений\SOFTWARE\2-ND ATTEMPT\MYDOCSYSTEM\RELEASE\MYDOCSYSTEM.EXE
D:\VLAD\ДОКИ (МИСИС)\DIPLOMA AND STUFF\ОПИСАНИЕ СИСТЕМЫ ПРИНЯТИЯ РЕШЕНИЙ\SOFTWARE\2-ND ATTEMPT\MYDOCSYSTEM\RELEASE\MYDOCSYSTEM.PDB
d:\Vlad\Доки (мисис)\Diploma and stuff\Описание системы принятия решений\Software\2-nd attempt\MyDocSystem\MyDocSystem\Release\MyDocSystem.frm_Console.resources
d:\Vlad\Доки (мисис)\Diploma and stuff\Описание системы принятия решений\Software\2-nd attempt\MyDocSystem\MyDocSystem\Release\MyDocSystem.frm_Main.resources
d:\Vlad\Доки (мисис)\Diploma and stuff\Описание системы принятия решений\Software\2-nd attempt\MyDocSystem\MyDocSystem\Release\MyDocSystem.frm_SelectSheet.resources
D:\VLAD\Доки (мисис)\DIPLOMA AND STUFF\Описание системы принятия решений\SOFTWARE\2-ND ATTEMPT\MYDOCSYSTEM\MYDOCSYSTEM\RELEASE\APP.RES
d:\Vlad\Доки (мисис)\Diploma and stuff\Описание системы принятия решений\Software\2-nd attempt\MyDocSystem\MyDocSystem\Release\MyDocSystem.vcxproj.GenerateResource.Cache
d:\Vlad\Доки (мисис)\Diploma and stuff\Описание системы принятия решений\Software\2-nd attempt\MyDocSystem\MyDocSystem\Release\MyDocSystem.vcxprojResolveAssemblyReference.cache
d:\Vlad\Доки (мисис)\Diploma and stuff\Описание системы принятия решений\Software\2-nd attempt\MyDocSystem\MyDocSystem\Release\.NETFramework,Version=v4.5.AssemblyAttributes.obj
d:\Vlad\Доки (мисис)\Diploma and stuff\Описание системы принятия решений\Software\2-nd attempt\MyDocSystem\MyDocSystem\Release\AssemblyInfo.obj
d:\Vlad\Доки (мисис)\Diploma and stuff\Описание системы принятия решений\Software\2-nd attempt\MyDocSystem\MyDocSystem\Release\Balas.obj
d:\Vlad\Доки (мисис)\Diploma and stuff\Описание системы принятия решений\Software\2-nd attempt\MyDocSystem\MyDocSystem\Release\BasicExcel.obj
d:\Vlad\Доки (мисис)\Diploma and stuff\Описание системы принятия решений\Software\2-nd attempt\MyDocSystem\MyDocSystem\Release\Core.obj
d:\Vlad\Доки (мисис)\Diploma and stuff\Описание системы принятия решений\Software\2-nd attempt\MyDocSystem\MyDocSystem\Release\Credit_Own.obj
d:\Vlad\Доки (мисис)\Diploma and stuff\Описание системы принятия решений\Software\2-nd attempt\MyDocSystem\MyDocSystem\Release\ExcelFormat.obj
d:\Vlad\Доки (мисис)\Diploma and stuff\Описание системы принятия решений\Software\2-nd attempt\MyDocSystem\MyDocSystem\Release\Forms_Instances.obj
d:\Vlad\Доки (мисис)\Diploma and stuff\Описание системы принятия решений\Software\2-nd attempt\MyDocSystem\MyDocSystem\Release\frm_Main.obj
d:\Vlad\Доки (мисис)\Diploma and stuff\Описание системы принятия решений\Software\2-nd attempt\MyDocSystem\MyDocSystem\Release\frm_SelectSheet.obj
d:\Vlad\Доки (мисис)\Diploma and stuff\Описание системы принятия решений\Software\2-nd attempt\MyDocSystem\MyDocSystem\Release\Input_Data.obj
d:\Vlad\Доки (мисис)\Diploma and stuff\Описание системы принятия решений\Software\2-nd attempt\MyDocSystem\MyDocSystem\Release\mfmc.obj
d:\Vlad\Доки (мисис)\Diploma and stuff\Описание системы принятия решений\Software\2-nd attempt\MyDocSystem\MyDocSystem\Release\MyDocSystem.obj
d:\Vlad\Доки (мисис)\Diploma and stuff\Описание системы принятия решений\Software\2-nd attempt\MyDocSystem\MyDocSystem\Release\Output_Data.obj
d:\Vlad\Доки (мисис)\Diploma and stuff\Описание системы принятия решений\Software\2-nd attempt\MyDocSystem\MyDocSystem\Release\CL.28352.read.1.tlog
d:\Vlad\Доки (мисис)\Diploma and stuff\Описание системы принятия решений\Software\2-nd attempt\MyDocSystem\MyDocSystem\Release\CL.28352.write.1.tlog
d:\Vlad\Доки (мисис)\Diploma and stuff\Описание системы принятия решений\Software\2-nd attempt\MyDocSystem\MyDocSystem\Release\CL.32836.read.1.tlog
d:\Vlad\Доки (мисис)\Diploma and stuff\Описание системы принятия решений\Software\2-nd attempt\MyDocSystem\MyDocSystem\Release\CL.32836.write.1.tlog
d:\Vlad\Доки (мисис)\Diploma and stuff\Описание системы принятия решений\Software\2-nd attempt\MyDocSystem\MyDocSystem\Release\CL.33408.read.1.tlog
d:\Vlad\Доки (мисис)\Diploma and stuff\Описание системы принятия решений\Software\2-nd attempt\MyDocSystem\MyDocSystem\Release\CL.33408.write.1.tlog
d:\Vlad\Доки (мисис)\Diploma and stuff\Описание системы принятия решений\Software\2-nd attempt\MyDocSystem\MyDocSystem\Release\CL.35236.read.1.tlog
d:\Vlad\Доки (мисис)\Diploma and stuff\Описание системы принятия решений\Software\2-nd attempt\MyDocSystem\MyDocSystem\Release\CL.35236.write.1.tlog
d:\Vlad\Доки (мисис)\Diploma and stuff\Описание системы принятия решений\Software\2-nd attempt\MyDocSystem\MyDocSystem\Release\CL.35268.read.1.tlog
d:\Vlad\Доки (мисис)\Diploma and stuff\Описание системы принятия решений\Software\2-nd attempt\MyDocSystem\MyDocSystem\Release\CL.35268.write.1.tlog
d:\Vlad\Доки (мисис)\Diploma and stuff\Описание системы принятия решений\Software\2-nd attempt\MyDocSystem\MyDocSystem\Release\CL.35348.read.1.tlog
d:\Vlad\Доки (мисис)\Diploma and stuff\Описание системы принятия решений\Software\2-nd attempt\MyDocSystem\MyDocSystem\Release\CL.35348.write.1.tlog
d:\Vlad\Доки (мисис)\Diploma and stuff\Описание системы принятия решений\Software\2-nd attempt\MyDocSystem\MyDocSystem\Release\CL.37060.read.1.tlog
d:\Vlad\Доки (мисис)\Diploma and stuff\Описание системы принятия решений\Software\2-nd attempt\MyDocSystem\MyDocSystem\Release\CL.37060.write.1.tlog
d:\Vlad\Доки (мисис)\Diploma and stuff\Описание системы принятия решений\Software\2-nd attempt\MyDocSystem\MyDocSystem\Release\CL.37812.read.1.tlog
d:\Vlad\Доки (мисис)\Diploma and stuff\Описание системы принятия решений\Software\2-nd attempt\MyDocSystem\MyDocSystem\Release\CL.37812.write.1.tlog
d:\Vlad\Доки (мисис)\Diploma and stuff\Описание системы принятия решений\Software\2-nd attempt\MyDocSystem\MyDocSystem\Release\cl.command.1.tlog
d:\Vlad\Доки (мисис)\Diploma and stuff\Описание системы принятия решений\Software\2-nd attempt\MyDocSystem\MyDocSystem\Release\CL.read.1.tlog
d:\Vlad\Доки (мисис)\Diploma and stuff\Описание системы принятия решений\Software\2-nd attempt\MyDocSystem\MyDocSystem\Release\CL.write.1.tlog
d:\Vlad\Доки (мисис)\Diploma and stuff\Описание системы принятия решений\Software\2-nd attempt\MyDocSystem\MyDocSystem\Release\link-cvtres.read.1.tlog
d:\Vlad\Доки (мисис)\Diploma and stuff\Описание системы принятия решений\Software\2-nd attempt\MyDocSystem\MyDocSystem\Release\link-cvtres.write.1.tlog
d:\Vlad\Доки (мисис)\Diploma and stuff\Описание системы принятия решений\Software\2-nd attempt\MyDocSystem\MyDocSystem\Release\link-rc.read.1.tlog
d:\Vlad\Доки (мисис)\Diploma and stuff\Описание системы принятия решений\Software\2-nd attempt\MyDocSystem\MyDocSystem\Release\link-rc.write.1.tlog
d:\Vlad\Доки (мисис)\Diploma and stuff\Описание системы принятия решений\Software\2-nd attempt\MyDocSystem\MyDocSystem\Release\link.command.1.tlog
d:\Vlad\Доки (мисис)\Diploma and stuff\Описание системы принятия решений\Software\2-nd attempt\MyDocSystem\MyDocSystem\Release\link.read.1.tlog
d:\Vlad\Доки (мисис)\Diploma and stuff\Описание системы принятия решений\Software\2-nd attempt\MyDocSystem\MyDocSystem\Release\link.write.1.tlog
d:\Vlad\Доки (мисис)\Diploma and stuff\Описание системы принятия решений\Software\2-nd attempt\MyDocSystem\MyDocSystem\Release\metagen.read.1.tlog
d:\Vlad\Доки (мисис)\Diploma and stuff\Описание системы принятия решений\Software\2-nd attempt\MyDocSystem\MyDocSystem\Release\metagen.write.1.tlog
d:\Vlad\Доки (мисис)\Diploma and stuff\Описание системы принятия решений\Software\2-nd attempt\MyDocSystem\MyDocSystem\Release\MyDocSystem.write.1.tlog
d:\Vlad\Доки (мисис)\Diploma and stuff\Описание системы принятия решений\Software\2-nd attempt\MyDocSystem\MyDocSystem\Release\rc.command.1.tlog
d:\Vlad\Доки (мисис)\Diploma and stuff\Описание системы принятия решений\Software\2-nd attempt\MyDocSystem\MyDocSystem\Release\rc.read.1.tlog
d:\Vlad\Доки (мисис)\Diploma and stuff\Описание системы принятия решений\Software\2-nd attempt\MyDocSystem\MyDocSystem\Release\rc.write.1.tlog
d:\Vlad\Доки (мисис)\Diploma and stuff\Описание системы принятия решений\Software\2-nd attempt\MyDocSystem\MyDocSystem\Release\app.res
d:\Vlad\Доки (мисис)\Diploma and stuff\Описание системы принятия решений\Software\2-nd attempt\MyDocSystem\MyDocSystem\Release\vc110.pdb
d:\Vlad\Доки (мисис)\Diploma and stuff\Описание системы принятия решений\Software\2-nd attempt\MyDocSystem\MyDocSystem\Release\RSAENH.DLL.bi
d:\Vlad\Доки (мисис)\Diploma and stuff\Описание системы принятия решений\Software\2-nd attempt\MyDocSystem\MyDocSystem\Release\TZRES.DLL.bi
D:\Vlad\Доки (мисис)\Diploma and stuff\Описание системы принятия решений\Software\2-nd attempt\MyDocSystem\Release\MyDocSystem.pdb
D:\Vlad\Доки (мисис)\Diploma and stuff\Описание системы принятия решений\Software\2-nd attempt\MyDocSystem\Release\MyDocSystem.exe
